<?xml version="1.0" encoding="utf-8"?><testsuites name="pytest tests"><testsuite name="pytest" errors="0" failures="0" skipped="0" tests="23" time="6.128" timestamp="2026-05-27T01:14:00.106776+00:00" hostname="agent-env-47ce3ba5-5995-452e-878d-38ef2405badf"><testcase classname="backend.tests.test_passaroo_backend" name="test_health" time="0.349" /><testcase classname="backend.tests.test_passaroo_backend" name="test_categories" time="0.062" /><testcase classname="backend.tests.test_passaroo_backend" name="test_signup" time="0.331" /><testcase classname="backend.tests.test_passaroo_backend" name="test_signup_duplicate" time="0.058" /><testcase classname="backend.tests.test_passaroo_backend" name="test_login_success" time="0.291" /><testcase classname="backend.tests.test_passaroo_backend" name="test_login_wrong_password" time="0.283" /><testcase classname="backend.tests.test_passaroo_backend" name="test_me_with_token" time="0.071" /><testcase classname="backend.tests.test_passaroo_backend" name="test_me_without_token" time="0.149" /><testcase classname="backend.tests.test_passaroo_backend" name="test_dkt_questions_no_leak" time="0.067" /><testcase classname="backend.tests.test_passaroo_backend" name="test_submit_attempt" time="0.067" /><testcase classname="backend.tests.test_passaroo_backend" name="test_my_attempts" time="0.065" /><testcase classname="backend.tests.test_passaroo_backend" name="test_user_stats" time="0.063" /><testcase classname="backend.tests.test_passaroo_backend" name="test_ai_tutor_free_402" time="0.059" /><testcase classname="backend.tests.test_passaroo_backend" name="test_upgrade_to_premium" time="0.211" /><testcase classname="backend.tests.test_passaroo_backend" name="test_ai_explain" time="1.625" /><testcase classname="backend.tests.test_passaroo_backend" name="test_ai_tutor_premium" time="1.398" /><testcase classname="backend.tests.test_passaroo_backend" name="test_weekly_exam_limit" time="0.256" /><testcase classname="backend.tests.test_passaroo_backend" name="test_admin_login" time="0.291" /><testcase classname="backend.tests.test_passaroo_backend" name="test_admin_analytics" time="0.063" /><testcase classname="backend.tests.test_passaroo_backend" name="test_admin_add_question" time="0.064" /><testcase classname="backend.tests.test_passaroo_backend" name="test_non_admin_forbidden" time="0.061" /><testcase classname="backend.tests.test_passaroo_backend" name="test_logout" time="0.116" /><testcase classname="backend.tests.test_passaroo_backend" name="test_cleanup_admin_question" time="0.060" /></testsuite></testsuites>