<?xml version="1.0" encoding="utf-8"?><testsuites name="pytest tests"><testsuite name="pytest" errors="0" failures="0" skipped="0" tests="9" time="1.575" timestamp="2026-05-27T01:45:04.532202+00:00" hostname="agent-env-47ce3ba5-5995-452e-878d-38ef2405badf"><testcase classname="backend.tests.test_passaroo_new_endpoints" name="test_bookmark_toggle" time="0.709" /><testcase classname="backend.tests.test_passaroo_new_endpoints" name="test_practice_returns_correct_and_explanation" time="0.051" /><testcase classname="backend.tests.test_passaroo_new_endpoints" name="test_practice_with_topic_filter" time="0.099" /><testcase classname="backend.tests.test_passaroo_new_endpoints" name="test_practice_unknown_filter_404" time="0.047" /><testcase classname="backend.tests.test_passaroo_new_endpoints" name="test_topics_endpoint" time="0.054" /><testcase classname="backend.tests.test_passaroo_new_endpoints" name="test_retry_wrong_empty" time="0.062" /><testcase classname="backend.tests.test_passaroo_new_endpoints" name="test_retry_wrong_populated_after_wrong_attempt" time="0.164" /><testcase classname="backend.tests.test_passaroo_new_endpoints" name="test_daily_quiz_get" time="0.051" /><testcase classname="backend.tests.test_passaroo_new_endpoints" name="test_daily_quiz_submit_idempotent_and_xp" time="0.254" /></testsuite></testsuites>