<?xml version="1.0" encoding="utf-8"?><testsuites name="pytest tests"><testsuite name="pytest" errors="0" failures="1" skipped="0" tests="5" time="1.396" timestamp="2026-05-27T07:39:13.549463+00:00" hostname="agent-env-47ce3ba5-5995-452e-878d-38ef2405badf"><testcase classname="backend.tests.test_passaroo_phase4_admin.TestAdminQuestionsCRUD" name="test_add_question_autofills_family_and_state" time="0.485"><failure message="AssertionError: state auto-fill BUG: expected 'VIC' but got None. Server uses doc.setdefault('state', cat.get('state')) but AdminQuestionBody.state defaults to None and is always present in model_dump().&#10;assert None == 'VIC'&#10; +  where None = &lt;built-in method get of dict object at 0xfdcc04914cc0&gt;('state')&#10; +    where &lt;built-in method get of dict object at 0xfdcc04914cc0&gt; = {'category_id': 'dkt_vic', 'correct': 1, 'created_at': '2026-05-27T07:39:14.098044+00:00', 'difficulty': 'easy', ...}.get">E   AssertionError: state auto-fill BUG: expected 'VIC' but got None. Server uses doc.setdefault('state', cat.get('state')) but AdminQuestionBody.state defaults to None and is always present in model_dump().
    assert None == 'VIC'
     +  where None = &lt;built-in method get of dict object at 0xfdcc04914cc0&gt;('state')
     +    where &lt;built-in method get of dict object at 0xfdcc04914cc0&gt; = {'category_id': 'dkt_vic', 'correct': 1, 'created_at': '2026-05-27T07:39:14.098044+00:00', 'difficulty': 'easy', ...}.get</failure></testcase><testcase classname="backend.tests.test_passaroo_phase4_admin.TestAdminQuestionsCRUD" name="test_add_question_non_admin_403" time="0.486" /><testcase classname="backend.tests.test_passaroo_phase4_admin.TestAdminQuestionsCRUD" name="test_patch_question_ok" time="0.114" /><testcase classname="backend.tests.test_passaroo_phase4_admin.TestAdminQuestionsCRUD" name="test_patch_question_correct_out_of_range_400" time="0.107" /><testcase classname="backend.tests.test_passaroo_phase4_admin.TestAdminQuestionsCRUD" name="test_delete_question_ok" time="0.116" /></testsuite></testsuites>