<?xml version="1.0" encoding="utf-8"?><testsuites name="pytest tests"><testsuite name="pytest" errors="0" failures="1" skipped="0" tests="32" time="6.817" timestamp="2026-05-27T02:29:28.859728+00:00" hostname="agent-env-47ce3ba5-5995-452e-878d-38ef2405badf"><testcase classname="backend.tests.test_passaroo_backend" name="test_health" time="0.147" /><testcase classname="backend.tests.test_passaroo_backend" name="test_categories" time="0.055"><failure message="AssertionError: dkt_vic bank size 10&#10;assert 10 &gt;= 25">backend/tests/test_passaroo_backend.py:53: in test_categories
    assert c["question_bank_size"] &gt;= 25, f"{c['id']} bank size {c['question_bank_size']}"
E   AssertionError: dkt_vic bank size 10
E   assert 10 &gt;= 25</failure></testcase><testcase classname="backend.tests.test_passaroo_backend" name="test_signup" time="0.279" /><testcase classname="backend.tests.test_passaroo_backend" name="test_signup_duplicate" time="0.051" /><testcase classname="backend.tests.test_passaroo_backend" name="test_login_success" time="0.278" /><testcase classname="backend.tests.test_passaroo_backend" name="test_login_wrong_password" time="0.277" /><testcase classname="backend.tests.test_passaroo_backend" name="test_me_with_token" time="0.056" /><testcase classname="backend.tests.test_passaroo_backend" name="test_me_without_token" time="0.104" /><testcase classname="backend.tests.test_passaroo_backend" name="test_dkt_questions_no_leak" time="0.054" /><testcase classname="backend.tests.test_passaroo_backend" name="test_submit_attempt" time="0.066" /><testcase classname="backend.tests.test_passaroo_backend" name="test_my_attempts" time="0.053" /><testcase classname="backend.tests.test_passaroo_backend" name="test_user_stats" time="0.051" /><testcase classname="backend.tests.test_passaroo_backend" name="test_ai_tutor_free_402" time="0.051" /><testcase classname="backend.tests.test_passaroo_backend" name="test_upgrade_to_premium" time="0.100" /><testcase classname="backend.tests.test_passaroo_backend" name="test_ai_explain" time="1.394" /><testcase classname="backend.tests.test_passaroo_backend" name="test_ai_tutor_premium" time="1.481" /><testcase classname="backend.tests.test_passaroo_backend" name="test_weekly_exam_limit" time="0.212" /><testcase classname="backend.tests.test_passaroo_backend" name="test_admin_login" time="0.272" /><testcase classname="backend.tests.test_passaroo_backend" name="test_admin_analytics" time="0.053" /><testcase classname="backend.tests.test_passaroo_backend" name="test_admin_add_question" time="0.049" /><testcase classname="backend.tests.test_passaroo_backend" name="test_non_admin_forbidden" time="0.057" /><testcase classname="backend.tests.test_passaroo_backend" name="test_logout" time="0.106" /><testcase classname="backend.tests.test_passaroo_backend" name="test_cleanup_admin_question" time="0.050" /><testcase classname="backend.tests.test_passaroo_new_endpoints" name="test_bookmark_toggle" time="0.607" /><testcase classname="backend.tests.test_passaroo_new_endpoints" name="test_practice_returns_correct_and_explanation" time="0.050" /><testcase classname="backend.tests.test_passaroo_new_endpoints" name="test_practice_with_topic_filter" time="0.101" /><testcase classname="backend.tests.test_passaroo_new_endpoints" name="test_practice_unknown_filter_404" time="0.053" /><testcase classname="backend.tests.test_passaroo_new_endpoints" name="test_topics_endpoint" time="0.054" /><testcase classname="backend.tests.test_passaroo_new_endpoints" name="test_retry_wrong_empty" time="0.053" /><testcase classname="backend.tests.test_passaroo_new_endpoints" name="test_retry_wrong_populated_after_wrong_attempt" time="0.157" /><testcase classname="backend.tests.test_passaroo_new_endpoints" name="test_daily_quiz_get" time="0.054" /><testcase classname="backend.tests.test_passaroo_new_endpoints" name="test_daily_quiz_submit_idempotent_and_xp" time="0.251" /></testsuite></testsuites>