<?xml version="1.0" encoding="utf-8"?><testsuites name="pytest tests"><testsuite name="pytest" errors="0" failures="0" skipped="0" tests="66" time="11.386" timestamp="2026-05-27T02:29:50.314986+00:00" hostname="agent-env-47ce3ba5-5995-452e-878d-38ef2405badf"><testcase classname="backend.tests.test_passaroo_backend" name="test_health" time="0.174" /><testcase classname="backend.tests.test_passaroo_backend" name="test_categories" time="0.056" /><testcase classname="backend.tests.test_passaroo_backend" name="test_signup" time="0.288" /><testcase classname="backend.tests.test_passaroo_backend" name="test_signup_duplicate" time="0.052" /><testcase classname="backend.tests.test_passaroo_backend" name="test_login_success" time="0.276" /><testcase classname="backend.tests.test_passaroo_backend" name="test_login_wrong_password" time="0.272" /><testcase classname="backend.tests.test_passaroo_backend" name="test_me_with_token" time="0.057" /><testcase classname="backend.tests.test_passaroo_backend" name="test_me_without_token" time="0.120" /><testcase classname="backend.tests.test_passaroo_backend" name="test_dkt_questions_no_leak" time="0.051" /><testcase classname="backend.tests.test_passaroo_backend" name="test_submit_attempt" time="0.053" /><testcase classname="backend.tests.test_passaroo_backend" name="test_my_attempts" time="0.053" /><testcase classname="backend.tests.test_passaroo_backend" name="test_user_stats" time="0.051" /><testcase classname="backend.tests.test_passaroo_backend" name="test_ai_tutor_free_402" time="0.050" /><testcase classname="backend.tests.test_passaroo_backend" name="test_upgrade_to_premium" time="0.115" /><testcase classname="backend.tests.test_passaroo_backend" name="test_ai_explain" time="1.566" /><testcase classname="backend.tests.test_passaroo_backend" name="test_ai_tutor_premium" time="1.198" /><testcase classname="backend.tests.test_passaroo_backend" name="test_weekly_exam_limit" time="0.314" /><testcase classname="backend.tests.test_passaroo_backend" name="test_admin_login" time="0.271" /><testcase classname="backend.tests.test_passaroo_backend" name="test_admin_analytics" time="0.060" /><testcase classname="backend.tests.test_passaroo_backend" name="test_admin_add_question" time="0.050" /><testcase classname="backend.tests.test_passaroo_backend" name="test_non_admin_forbidden" time="0.051" /><testcase classname="backend.tests.test_passaroo_backend" name="test_logout" time="0.112" /><testcase classname="backend.tests.test_passaroo_backend" name="test_cleanup_admin_question" time="0.056" /><testcase classname="backend.tests.test_passaroo_new_endpoints" name="test_bookmark_toggle" time="0.617" /><testcase classname="backend.tests.test_passaroo_new_endpoints" name="test_practice_returns_correct_and_explanation" time="0.057" /><testcase classname="backend.tests.test_passaroo_new_endpoints" name="test_practice_with_topic_filter" time="0.106" /><testcase classname="backend.tests.test_passaroo_new_endpoints" name="test_practice_unknown_filter_404" time="0.052" /><testcase classname="backend.tests.test_passaroo_new_endpoints" name="test_topics_endpoint" time="0.052" /><testcase classname="backend.tests.test_passaroo_new_endpoints" name="test_retry_wrong_empty" time="0.051" /><testcase classname="backend.tests.test_passaroo_new_endpoints" name="test_retry_wrong_populated_after_wrong_attempt" time="0.156" /><testcase classname="backend.tests.test_passaroo_new_endpoints" name="test_daily_quiz_get" time="0.055" /><testcase classname="backend.tests.test_passaroo_new_endpoints" name="test_daily_quiz_submit_idempotent_and_xp" time="0.263" /><testcase classname="backend.tests.test_passaroo_phase3" name="test_categories_returns_14_with_family_and_state" time="0.127" /><testcase classname="backend.tests.test_passaroo_phase3" name="test_families_endpoint_grouping" time="0.065" /><testcase classname="backend.tests.test_passaroo_phase3" name="test_topics_endpoint_per_new_category[dkt_vic]" time="0.357" /><testcase classname="backend.tests.test_passaroo_phase3" name="test_topics_endpoint_per_new_category[dkt_qld]" time="0.056" /><testcase classname="backend.tests.test_passaroo_phase3" name="test_topics_endpoint_per_new_category[dkt_wa]" time="0.064" /><testcase classname="backend.tests.test_passaroo_phase3" name="test_topics_endpoint_per_new_category[dkt_sa]" time="0.068" /><testcase classname="backend.tests.test_passaroo_phase3" name="test_topics_endpoint_per_new_category[dkt_act]" time="0.057" /><testcase classname="backend.tests.test_passaroo_phase3" name="test_topics_endpoint_per_new_category[dkt_tas]" time="0.057" /><testcase classname="backend.tests.test_passaroo_phase3" name="test_topics_endpoint_per_new_category[dkt_nt]" time="0.058" /><testcase classname="backend.tests.test_passaroo_phase3" name="test_topics_endpoint_per_new_category[white_card]" time="0.066" /><testcase classname="backend.tests.test_passaroo_phase3" name="test_topics_endpoint_per_new_category[rcg]" time="0.064" /><testcase classname="backend.tests.test_passaroo_phase3" name="test_topics_endpoint_per_new_category[security]" time="0.061" /><testcase classname="backend.tests.test_passaroo_phase3" name="test_topics_endpoint_per_new_category[forklift]" time="0.057" /><testcase classname="backend.tests.test_passaroo_phase3" name="test_legacy_dkt_has_no_questions_after_migration" time="0.058" /><testcase classname="backend.tests.test_passaroo_phase3" name="test_profile_patch_state_VIC_auto_sets_primary" time="0.059" /><testcase classname="backend.tests.test_passaroo_phase3" name="test_profile_patch_state_lowercase_normalised" time="0.057" /><testcase classname="backend.tests.test_passaroo_phase3" name="test_profile_patch_invalid_state_400" time="0.059" /><testcase classname="backend.tests.test_passaroo_phase3" name="test_profile_patch_primary_category_forklift" time="0.058" /><testcase classname="backend.tests.test_passaroo_phase3" name="test_profile_patch_invalid_primary_category_400" time="0.057" /><testcase classname="backend.tests.test_passaroo_phase3" name="test_profile_patch_state_does_not_overwrite_non_dkt_primary" time="0.062" /><testcase classname="backend.tests.test_passaroo_phase3" name="test_exam_questions_and_submit_each_category[dkt_nsw]" time="0.519" /><testcase classname="backend.tests.test_passaroo_phase3" name="test_exam_questions_and_submit_each_category[dkt_vic]" time="0.184" /><testcase classname="backend.tests.test_passaroo_phase3" name="test_exam_questions_and_submit_each_category[dkt_qld]" time="0.181" /><testcase classname="backend.tests.test_passaroo_phase3" name="test_exam_questions_and_submit_each_category[dkt_wa]" time="0.190" /><testcase classname="backend.tests.test_passaroo_phase3" name="test_exam_questions_and_submit_each_category[dkt_sa]" time="0.175" /><testcase classname="backend.tests.test_passaroo_phase3" name="test_exam_questions_and_submit_each_category[dkt_act]" time="0.191" /><testcase classname="backend.tests.test_passaroo_phase3" name="test_exam_questions_and_submit_each_category[dkt_tas]" time="0.179" /><testcase classname="backend.tests.test_passaroo_phase3" name="test_exam_questions_and_submit_each_category[dkt_nt]" time="0.184" /><testcase classname="backend.tests.test_passaroo_phase3" name="test_exam_questions_and_submit_each_category[citizenship]" time="0.179" /><testcase classname="backend.tests.test_passaroo_phase3" name="test_exam_questions_and_submit_each_category[rsa]" time="0.179" /><testcase classname="backend.tests.test_passaroo_phase3" name="test_exam_questions_and_submit_each_category[white_card]" time="0.190" /><testcase classname="backend.tests.test_passaroo_phase3" name="test_exam_questions_and_submit_each_category[rcg]" time="0.206" /><testcase classname="backend.tests.test_passaroo_phase3" name="test_exam_questions_and_submit_each_category[security]" time="0.183" /><testcase classname="backend.tests.test_passaroo_phase3" name="test_exam_questions_and_submit_each_category[forklift]" time="0.199" /></testsuite></testsuites>