<?xml version="1.0" encoding="utf-8"?><testsuites name="pytest tests"><testsuite name="pytest" errors="0" failures="0" skipped="1" tests="17" time="5.781" timestamp="2026-05-27T22:16:29.568984+00:00" hostname="agent-env-47ce3ba5-5995-452e-878d-38ef2405badf"><testcase classname="backend.tests.test_passaroo_phase5.TestSubscriptionPlans" name="test_plans_payload" time="0.004" /><testcase classname="backend.tests.test_passaroo_phase5.TestSingleDevice" name="test_login_device_B_invalidates_device_A" time="0.465" /><testcase classname="backend.tests.test_passaroo_phase5.TestSingleDevice" name="test_device_mismatch_on_protected_endpoint" time="0.232" /><testcase classname="backend.tests.test_passaroo_phase5.TestSingleDevice" name="test_auth_me_does_not_enforce_device_mismatch" time="0.233" /><testcase classname="backend.tests.test_passaroo_phase5.TestAIRateLimit" name="test_per_minute_limit_triggers_429" time="2.563" /><testcase classname="backend.tests.test_passaroo_phase5.TestAdminCoupons" name="test_full_crud_and_validation" time="0.244" /><testcase classname="backend.tests.test_passaroo_phase5.TestAdminCoupons" name="test_non_admin_forbidden" time="0.232" /><testcase classname="backend.tests.test_passaroo_phase5.TestCouponValidateRedeem" name="test_validate_valid_and_invalid" time="0.249" /><testcase classname="backend.tests.test_passaroo_phase5.TestCouponValidateRedeem" name="test_redeem_trial_days_grants_plan" time="0.247" /><testcase classname="backend.tests.test_passaroo_phase5.TestCouponValidateRedeem" name="test_redeem_percent_returns_discount_only" time="0.242" /><testcase classname="backend.tests.test_passaroo_phase5.TestGuestExam" name="test_guest_start_submit_then_blocked" time="0.013" /><testcase classname="backend.tests.test_passaroo_phase5.TestGuestExam" name="test_missing_device_id_returns_400" time="0.001" /><testcase classname="backend.tests.test_passaroo_phase5.TestSuspendedAccount" name="test_admin_suspends_user" time="0.237"><skipped type="pytest.skip" message="AdminUserUpdate may not support 'suspended' field. PATCH returned 401, /auth/me returned 200.">/app/backend/tests/test_passaroo_phase5.py:395: AdminUserUpdate may not support 'suspended' field. PATCH returned 401, /auth/me returned 200.</skipped></testcase><testcase classname="backend.tests.test_passaroo_phase5.TestRevenueCatWebhook" name="test_initial_purchase_then_expiration" time="0.241" /><testcase classname="backend.tests.test_passaroo_phase5.TestRevenueCatWebhook" name="test_webhook_without_secret_accepts_unauthed" time="0.002" /><testcase classname="backend.tests.test_passaroo_phase5.TestLinkRC" name="test_link_rc_user" time="0.240" /><testcase classname="backend.tests.test_passaroo_phase5.TestSubscriptionMe" name="test_subscription_me_shape" time="0.233" /></testsuite></testsuites>