<?xml version="1.0" encoding="utf-8"?><testsuites name="pytest tests"><testsuite name="pytest" errors="0" failures="0" skipped="0" tests="34" time="4.235" timestamp="2026-05-27T02:28:50.512047+00:00" hostname="agent-env-47ce3ba5-5995-452e-878d-38ef2405badf"><testcase classname="backend.tests.test_passaroo_phase3" name="test_categories_returns_14_with_family_and_state" time="0.247" /><testcase classname="backend.tests.test_passaroo_phase3" name="test_families_endpoint_grouping" time="0.052" /><testcase classname="backend.tests.test_passaroo_phase3" name="test_topics_endpoint_per_new_category[dkt_vic]" time="0.327" /><testcase classname="backend.tests.test_passaroo_phase3" name="test_topics_endpoint_per_new_category[dkt_qld]" time="0.053" /><testcase classname="backend.tests.test_passaroo_phase3" name="test_topics_endpoint_per_new_category[dkt_wa]" time="0.054" /><testcase classname="backend.tests.test_passaroo_phase3" name="test_topics_endpoint_per_new_category[dkt_sa]" time="0.052" /><testcase classname="backend.tests.test_passaroo_phase3" name="test_topics_endpoint_per_new_category[dkt_act]" time="0.049" /><testcase classname="backend.tests.test_passaroo_phase3" name="test_topics_endpoint_per_new_category[dkt_tas]" time="0.153" /><testcase classname="backend.tests.test_passaroo_phase3" name="test_topics_endpoint_per_new_category[dkt_nt]" time="0.055" /><testcase classname="backend.tests.test_passaroo_phase3" name="test_topics_endpoint_per_new_category[white_card]" time="0.054" /><testcase classname="backend.tests.test_passaroo_phase3" name="test_topics_endpoint_per_new_category[rcg]" time="0.046" /><testcase classname="backend.tests.test_passaroo_phase3" name="test_topics_endpoint_per_new_category[security]" time="0.060" /><testcase classname="backend.tests.test_passaroo_phase3" name="test_topics_endpoint_per_new_category[forklift]" time="0.194" /><testcase classname="backend.tests.test_passaroo_phase3" name="test_legacy_dkt_has_no_questions_after_migration" time="0.093" /><testcase classname="backend.tests.test_passaroo_phase3" name="test_profile_patch_state_VIC_auto_sets_primary" time="0.050" /><testcase classname="backend.tests.test_passaroo_phase3" name="test_profile_patch_state_lowercase_normalised" time="0.049" /><testcase classname="backend.tests.test_passaroo_phase3" name="test_profile_patch_invalid_state_400" time="0.045" /><testcase classname="backend.tests.test_passaroo_phase3" name="test_profile_patch_primary_category_forklift" time="0.049" /><testcase classname="backend.tests.test_passaroo_phase3" name="test_profile_patch_invalid_primary_category_400" time="0.048" /><testcase classname="backend.tests.test_passaroo_phase3" name="test_profile_patch_state_does_not_overwrite_non_dkt_primary" time="0.047" /><testcase classname="backend.tests.test_passaroo_phase3" name="test_exam_questions_and_submit_each_category[dkt_nsw]" time="0.467" /><testcase classname="backend.tests.test_passaroo_phase3" name="test_exam_questions_and_submit_each_category[dkt_vic]" time="0.141" /><testcase classname="backend.tests.test_passaroo_phase3" name="test_exam_questions_and_submit_each_category[dkt_qld]" time="0.153" /><testcase classname="backend.tests.test_passaroo_phase3" name="test_exam_questions_and_submit_each_category[dkt_wa]" time="0.148" /><testcase classname="backend.tests.test_passaroo_phase3" name="test_exam_questions_and_submit_each_category[dkt_sa]" time="0.141" /><testcase classname="backend.tests.test_passaroo_phase3" name="test_exam_questions_and_submit_each_category[dkt_act]" time="0.144" /><testcase classname="backend.tests.test_passaroo_phase3" name="test_exam_questions_and_submit_each_category[dkt_tas]" time="0.148" /><testcase classname="backend.tests.test_passaroo_phase3" name="test_exam_questions_and_submit_each_category[dkt_nt]" time="0.156" /><testcase classname="backend.tests.test_passaroo_phase3" name="test_exam_questions_and_submit_each_category[citizenship]" time="0.143" /><testcase classname="backend.tests.test_passaroo_phase3" name="test_exam_questions_and_submit_each_category[rsa]" time="0.144" /><testcase classname="backend.tests.test_passaroo_phase3" name="test_exam_questions_and_submit_each_category[white_card]" time="0.142" /><testcase classname="backend.tests.test_passaroo_phase3" name="test_exam_questions_and_submit_each_category[rcg]" time="0.143" /><testcase classname="backend.tests.test_passaroo_phase3" name="test_exam_questions_and_submit_each_category[security]" time="0.147" /><testcase classname="backend.tests.test_passaroo_phase3" name="test_exam_questions_and_submit_each_category[forklift]" time="0.144" /></testsuite></testsuites>