<?xml version="1.0" encoding="utf-8"?><testsuites name="pytest tests"><testsuite name="pytest" errors="0" failures="0" skipped="0" tests="23" time="5.140" timestamp="2026-05-27T01:45:10.635665+00:00" hostname="agent-env-47ce3ba5-5995-452e-878d-38ef2405badf"><testcase classname="backend.tests.test_passaroo_backend" name="test_health" time="0.172" /><testcase classname="backend.tests.test_passaroo_backend" name="test_categories" time="0.055" /><testcase classname="backend.tests.test_passaroo_backend" name="test_signup" time="0.275" /><testcase classname="backend.tests.test_passaroo_backend" name="test_signup_duplicate" time="0.048" /><testcase classname="backend.tests.test_passaroo_backend" name="test_login_success" time="0.271" /><testcase classname="backend.tests.test_passaroo_backend" name="test_login_wrong_password" time="0.267" /><testcase classname="backend.tests.test_passaroo_backend" name="test_me_with_token" time="0.048" /><testcase classname="backend.tests.test_passaroo_backend" name="test_me_without_token" time="0.107" /><testcase classname="backend.tests.test_passaroo_backend" name="test_dkt_questions_no_leak" time="0.085" /><testcase classname="backend.tests.test_passaroo_backend" name="test_submit_attempt" time="0.050" /><testcase classname="backend.tests.test_passaroo_backend" name="test_my_attempts" time="0.053" /><testcase classname="backend.tests.test_passaroo_backend" name="test_user_stats" time="0.056" /><testcase classname="backend.tests.test_passaroo_backend" name="test_ai_tutor_free_402" time="0.157" /><testcase classname="backend.tests.test_passaroo_backend" name="test_upgrade_to_premium" time="0.099" /><testcase classname="backend.tests.test_passaroo_backend" name="test_ai_explain" time="1.263" /><testcase classname="backend.tests.test_passaroo_backend" name="test_ai_tutor_premium" time="1.295" /><testcase classname="backend.tests.test_passaroo_backend" name="test_weekly_exam_limit" time="0.196" /><testcase classname="backend.tests.test_passaroo_backend" name="test_admin_login" time="0.268" /><testcase classname="backend.tests.test_passaroo_backend" name="test_admin_analytics" time="0.048" /><testcase classname="backend.tests.test_passaroo_backend" name="test_admin_add_question" time="0.049" /><testcase classname="backend.tests.test_passaroo_backend" name="test_non_admin_forbidden" time="0.048" /><testcase classname="backend.tests.test_passaroo_backend" name="test_logout" time="0.112" /><testcase classname="backend.tests.test_passaroo_backend" name="test_cleanup_admin_question" time="0.048" /></testsuite></testsuites>